::1 - - [08/May/2022:18:06:33 +0000] "GET /api/v1/news/count HTTP/1.1" 400 120 "http://localhost:3000/" "Mozilla/5.0 (Windows NT 10.0; Win64; x64) AppleWebKit/537.36 (KHTML, like Gecko) Chrome/101.0.4951.54 Safari/537.36"
::1 - - [08/May/2022:18:06:33 +0000] "GET /api/v1/users/count HTTP/1.1" 400 120 "http://localhost:3000/" "Mozilla/5.0 (Windows NT 10.0; Win64; x64) AppleWebKit/537.36 (KHTML, like Gecko) Chrome/101.0.4951.54 Safari/537.36"
::1 - - [08/May/2022:18:06:33 +0000] "GET /api/v1/pages/count HTTP/1.1" 400 120 "http://localhost:3000/" "Mozilla/5.0 (Windows NT 10.0; Win64; x64) AppleWebKit/537.36 (KHTML, like Gecko) Chrome/101.0.4951.54 Safari/537.36"
::1 - - [08/May/2022:18:06:33 +0000] "GET /api/v1/menu/count HTTP/1.1" 400 120 "http://localhost:3000/" "Mozilla/5.0 (Windows NT 10.0; Win64; x64) AppleWebKit/537.36 (KHTML, like Gecko) Chrome/101.0.4951.54 Safari/537.36"
::1 - - [08/May/2022:18:06:33 +0000] "GET /api/v1/webinfo HTTP/1.1" 400 105 "http://localhost:3000/" "Mozilla/5.0 (Windows NT 10.0; Win64; x64) AppleWebKit/537.36 (KHTML, like Gecko) Chrome/101.0.4951.54 Safari/537.36"
::1 - - [08/May/2022:18:06:33 +0000] "GET /uploads/null HTTP/1.1" 404 151 "http://localhost:3000/" "Mozilla/5.0 (Windows NT 10.0; Win64; x64) AppleWebKit/537.36 (KHTML, like Gecko) Chrome/101.0.4951.54 Safari/537.36"
::1 - - [08/May/2022:18:06:33 +0000] "GET /api/v1/news/count HTTP/1.1" 400 120 "http://localhost:3000/" "Mozilla/5.0 (Windows NT 10.0; Win64; x64) AppleWebKit/537.36 (KHTML, like Gecko) Chrome/101.0.4951.54 Safari/537.36"
::1 - - [08/May/2022:18:06:33 +0000] "GET /api/v1/pages/count HTTP/1.1" 400 120 "http://localhost:3000/" "Mozilla/5.0 (Windows NT 10.0; Win64; x64) AppleWebKit/537.36 (KHTML, like Gecko) Chrome/101.0.4951.54 Safari/537.36"
::1 - - [08/May/2022:18:06:33 +0000] "GET /api/v1/menu/count HTTP/1.1" 400 120 "http://localhost:3000/" "Mozilla/5.0 (Windows NT 10.0; Win64; x64) AppleWebKit/537.36 (KHTML, like Gecko) Chrome/101.0.4951.54 Safari/537.36"
::1 - - [08/May/2022:18:06:33 +0000] "GET /api/v1/users/count HTTP/1.1" 400 120 "http://localhost:3000/" "Mozilla/5.0 (Windows NT 10.0; Win64; x64) AppleWebKit/537.36 (KHTML, like Gecko) Chrome/101.0.4951.54 Safari/537.36"
::1 - - [08/May/2022:18:06:33 +0000] "GET /api/v1/webinfo HTTP/1.1" 400 105 "http://localhost:3000/" "Mozilla/5.0 (Windows NT 10.0; Win64; x64) AppleWebKit/537.36 (KHTML, like Gecko) Chrome/101.0.4951.54 Safari/537.36"
::1 - - [08/May/2022:18:06:33 +0000] "GET /uploads/null HTTP/1.1" 404 151 "http://localhost:3000/" "Mozilla/5.0 (Windows NT 10.0; Win64; x64) AppleWebKit/537.36 (KHTML, like Gecko) Chrome/101.0.4951.54 Safari/537.36"
::1 - - [08/May/2022:18:06:33 +0000] "GET /api/v1/news/count HTTP/1.1" 400 120 "http://localhost:3000/" "Mozilla/5.0 (Windows NT 10.0; Win64; x64) AppleWebKit/537.36 (KHTML, like Gecko) Chrome/101.0.4951.54 Safari/537.36"
::1 - - [08/May/2022:18:06:33 +0000] "GET /api/v1/webinfo HTTP/1.1" 400 105 "http://localhost:3000/" "Mozilla/5.0 (Windows NT 10.0; Win64; x64) AppleWebKit/537.36 (KHTML, like Gecko) Chrome/101.0.4951.54 Safari/537.36"
::1 - - [08/May/2022:18:06:33 +0000] "GET /api/v1/users/count HTTP/1.1" 400 120 "http://localhost:3000/" "Mozilla/5.0 (Windows NT 10.0; Win64; x64) AppleWebKit/537.36 (KHTML, like Gecko) Chrome/101.0.4951.54 Safari/537.36"
::1 - - [08/May/2022:18:06:33 +0000] "GET /uploads/null HTTP/1.1" 404 151 "http://localhost:3000/" "Mozilla/5.0 (Windows NT 10.0; Win64; x64) AppleWebKit/537.36 (KHTML, like Gecko) Chrome/101.0.4951.54 Safari/537.36"
::1 - - [08/May/2022:18:06:33 +0000] "GET /api/v1/pages/count HTTP/1.1" 400 120 "http://localhost:3000/" "Mozilla/5.0 (Windows NT 10.0; Win64; x64) AppleWebKit/537.36 (KHTML, like Gecko) Chrome/101.0.4951.54 Safari/537.36"
::1 - - [08/May/2022:18:06:33 +0000] "GET /api/v1/menu/count HTTP/1.1" 400 120 "http://localhost:3000/" "Mozilla/5.0 (Windows NT 10.0; Win64; x64) AppleWebKit/537.36 (KHTML, like Gecko) Chrome/101.0.4951.54 Safari/537.36"
::1 - - [08/May/2022:18:07:28 +0000] "GET /api/v1/webinfo HTTP/1.1" 400 105 "http://localhost:3000/" "Mozilla/5.0 (Windows NT 10.0; Win64; x64) AppleWebKit/537.36 (KHTML, like Gecko) Chrome/101.0.4951.54 Safari/537.36"
::1 - - [08/May/2022:18:07:28 +0000] "GET /api/v1/news/count HTTP/1.1" 200 25 "http://localhost:3000/" "Mozilla/5.0 (Windows NT 10.0; Win64; x64) AppleWebKit/537.36 (KHTML, like Gecko) Chrome/101.0.4951.54 Safari/537.36"
::1 - - [08/May/2022:18:07:28 +0000] "GET /uploads/null HTTP/1.1" 404 151 "http://localhost:3000/" "Mozilla/5.0 (Windows NT 10.0; Win64; x64) AppleWebKit/537.36 (KHTML, like Gecko) Chrome/101.0.4951.54 Safari/537.36"
::1 - - [08/May/2022:18:07:28 +0000] "GET /api/v1/pages/count HTTP/1.1" 200 25 "http://localhost:3000/" "Mozilla/5.0 (Windows NT 10.0; Win64; x64) AppleWebKit/537.36 (KHTML, like Gecko) Chrome/101.0.4951.54 Safari/537.36"
::1 - - [08/May/2022:18:07:28 +0000] "GET /api/v1/users/count HTTP/1.1" 200 28 "http://localhost:3000/" "Mozilla/5.0 (Windows NT 10.0; Win64; x64) AppleWebKit/537.36 (KHTML, like Gecko) Chrome/101.0.4951.54 Safari/537.36"
::1 - - [08/May/2022:18:07:28 +0000] "GET /api/v1/menu/count HTTP/1.1" - - "http://localhost:3000/" "Mozilla/5.0 (Windows NT 10.0; Win64; x64) AppleWebKit/537.36 (KHTML, like Gecko) Chrome/101.0.4951.54 Safari/537.36"
::1 - - [08/May/2022:18:07:29 +0000] "GET /api/v1/news/count HTTP/1.1" 200 25 "http://localhost:3000/" "Mozilla/5.0 (Windows NT 10.0; Win64; x64) AppleWebKit/537.36 (KHTML, like Gecko) Chrome/101.0.4951.54 Safari/537.36"
::1 - - [08/May/2022:18:07:29 +0000] "GET /api/v1/webinfo HTTP/1.1" 400 105 "http://localhost:3000/" "Mozilla/5.0 (Windows NT 10.0; Win64; x64) AppleWebKit/537.36 (KHTML, like Gecko) Chrome/101.0.4951.54 Safari/537.36"
::1 - - [08/May/2022:18:07:29 +0000] "GET /api/v1/users/count HTTP/1.1" 200 28 "http://localhost:3000/" "Mozilla/5.0 (Windows NT 10.0; Win64; x64) AppleWebKit/537.36 (KHTML, like Gecko) Chrome/101.0.4951.54 Safari/537.36"
::1 - - [08/May/2022:18:07:29 +0000] "GET /api/v1/pages/count HTTP/1.1" 200 25 "http://localhost:3000/" "Mozilla/5.0 (Windows NT 10.0; Win64; x64) AppleWebKit/537.36 (KHTML, like Gecko) Chrome/101.0.4951.54 Safari/537.36"
::1 - - [08/May/2022:18:07:29 +0000] "GET /api/v1/menu/count HTTP/1.1" 200 25 "http://localhost:3000/" "Mozilla/5.0 (Windows NT 10.0; Win64; x64) AppleWebKit/537.36 (KHTML, like Gecko) Chrome/101.0.4951.54 Safari/537.36"
::1 - - [08/May/2022:18:07:29 +0000] "GET /uploads/null HTTP/1.1" 404 151 "http://localhost:3000/" "Mozilla/5.0 (Windows NT 10.0; Win64; x64) AppleWebKit/537.36 (KHTML, like Gecko) Chrome/101.0.4951.54 Safari/537.36"
::1 - - [08/May/2022:18:07:29 +0000] "GET /api/v1/news/count HTTP/1.1" 304 - "http://localhost:3000/" "Mozilla/5.0 (Windows NT 10.0; Win64; x64) AppleWebKit/537.36 (KHTML, like Gecko) Chrome/101.0.4951.54 Safari/537.36"
::1 - - [08/May/2022:18:07:29 +0000] "GET /api/v1/webinfo HTTP/1.1" 400 105 "http://localhost:3000/" "Mozilla/5.0 (Windows NT 10.0; Win64; x64) AppleWebKit/537.36 (KHTML, like Gecko) Chrome/101.0.4951.54 Safari/537.36"
::1 - - [08/May/2022:18:07:29 +0000] "GET /api/v1/users/count HTTP/1.1" 304 - "http://localhost:3000/" "Mozilla/5.0 (Windows NT 10.0; Win64; x64) AppleWebKit/537.36 (KHTML, like Gecko) Chrome/101.0.4951.54 Safari/537.36"
::1 - - [08/May/2022:18:07:29 +0000] "GET /api/v1/pages/count HTTP/1.1" 304 - "http://localhost:3000/" "Mozilla/5.0 (Windows NT 10.0; Win64; x64) AppleWebKit/537.36 (KHTML, like Gecko) Chrome/101.0.4951.54 Safari/537.36"
::1 - - [08/May/2022:18:07:29 +0000] "GET /api/v1/menu/count HTTP/1.1" 304 - "http://localhost:3000/" "Mozilla/5.0 (Windows NT 10.0; Win64; x64) AppleWebKit/537.36 (KHTML, like Gecko) Chrome/101.0.4951.54 Safari/537.36"
::1 - - [08/May/2022:18:07:29 +0000] "GET /uploads/null HTTP/1.1" 404 151 "http://localhost:3000/" "Mozilla/5.0 (Windows NT 10.0; Win64; x64) AppleWebKit/537.36 (KHTML, like Gecko) Chrome/101.0.4951.54 Safari/537.36"
::1 - - [08/May/2022:18:13:30 +0000] "GET /api/v1/news/count HTTP/1.1" 304 - "http://localhost:3000/" "Mozilla/5.0 (Windows NT 10.0; Win64; x64) AppleWebKit/537.36 (KHTML, like Gecko) Chrome/101.0.4951.54 Safari/537.36"
::1 - - [08/May/2022:18:13:30 +0000] "GET /api/v1/users/count HTTP/1.1" 304 - "http://localhost:3000/" "Mozilla/5.0 (Windows NT 10.0; Win64; x64) AppleWebKit/537.36 (KHTML, like Gecko) Chrome/101.0.4951.54 Safari/537.36"
::1 - - [08/May/2022:18:13:30 +0000] "GET /api/v1/pages/count HTTP/1.1" 304 - "http://localhost:3000/" "Mozilla/5.0 (Windows NT 10.0; Win64; x64) AppleWebKit/537.36 (KHTML, like Gecko) Chrome/101.0.4951.54 Safari/537.36"
::1 - - [08/May/2022:18:13:30 +0000] "GET /api/v1/menu/count HTTP/1.1" 304 - "http://localhost:3000/" "Mozilla/5.0 (Windows NT 10.0; Win64; x64) AppleWebKit/537.36 (KHTML, like Gecko) Chrome/101.0.4951.54 Safari/537.36"
::1 - - [08/May/2022:18:13:30 +0000] "GET /api/v1/webinfo HTTP/1.1" 400 105 "http://localhost:3000/" "Mozilla/5.0 (Windows NT 10.0; Win64; x64) AppleWebKit/537.36 (KHTML, like Gecko) Chrome/101.0.4951.54 Safari/537.36"
::1 - - [08/May/2022:18:13:30 +0000] "GET /uploads/null HTTP/1.1" 404 151 "http://localhost:3000/" "Mozilla/5.0 (Windows NT 10.0; Win64; x64) AppleWebKit/537.36 (KHTML, like Gecko) Chrome/101.0.4951.54 Safari/537.36"
::1 - - [08/May/2022:18:13:30 +0000] "GET /api/v1/news/count HTTP/1.1" 304 - "http://localhost:3000/" "Mozilla/5.0 (Windows NT 10.0; Win64; x64) AppleWebKit/537.36 (KHTML, like Gecko) Chrome/101.0.4951.54 Safari/537.36"
::1 - - [08/May/2022:18:13:30 +0000] "GET /api/v1/webinfo HTTP/1.1" 400 105 "http://localhost:3000/" "Mozilla/5.0 (Windows NT 10.0; Win64; x64) AppleWebKit/537.36 (KHTML, like Gecko) Chrome/101.0.4951.54 Safari/537.36"
::1 - - [08/May/2022:18:13:30 +0000] "GET /api/v1/users/count HTTP/1.1" 304 - "http://localhost:3000/" "Mozilla/5.0 (Windows NT 10.0; Win64; x64) AppleWebKit/537.36 (KHTML, like Gecko) Chrome/101.0.4951.54 Safari/537.36"
::1 - - [08/May/2022:18:13:30 +0000] "GET /api/v1/pages/count HTTP/1.1" 304 - "http://localhost:3000/" "Mozilla/5.0 (Windows NT 10.0; Win64; x64) AppleWebKit/537.36 (KHTML, like Gecko) Chrome/101.0.4951.54 Safari/537.36"
::1 - - [08/May/2022:18:13:30 +0000] "GET /api/v1/menu/count HTTP/1.1" 304 - "http://localhost:3000/" "Mozilla/5.0 (Windows NT 10.0; Win64; x64) AppleWebKit/537.36 (KHTML, like Gecko) Chrome/101.0.4951.54 Safari/537.36"
::1 - - [08/May/2022:18:13:30 +0000] "GET /uploads/null HTTP/1.1" 404 151 "http://localhost:3000/" "Mozilla/5.0 (Windows NT 10.0; Win64; x64) AppleWebKit/537.36 (KHTML, like Gecko) Chrome/101.0.4951.54 Safari/537.36"
::1 - - [08/May/2022:18:13:30 +0000] "GET /api/v1/news/count HTTP/1.1" 304 - "http://localhost:3000/" "Mozilla/5.0 (Windows NT 10.0; Win64; x64) AppleWebKit/537.36 (KHTML, like Gecko) Chrome/101.0.4951.54 Safari/537.36"
::1 - - [08/May/2022:18:13:30 +0000] "GET /api/v1/users/count HTTP/1.1" 304 - "http://localhost:3000/" "Mozilla/5.0 (Windows NT 10.0; Win64; x64) AppleWebKit/537.36 (KHTML, like Gecko) Chrome/101.0.4951.54 Safari/537.36"
::1 - - [08/May/2022:18:13:30 +0000] "GET /api/v1/webinfo HTTP/1.1" 400 105 "http://localhost:3000/" "Mozilla/5.0 (Windows NT 10.0; Win64; x64) AppleWebKit/537.36 (KHTML, like Gecko) Chrome/101.0.4951.54 Safari/537.36"
::1 - - [08/May/2022:18:13:30 +0000] "GET /api/v1/pages/count HTTP/1.1" 304 - "http://localhost:3000/" "Mozilla/5.0 (Windows NT 10.0; Win64; x64) AppleWebKit/537.36 (KHTML, like Gecko) Chrome/101.0.4951.54 Safari/537.36"
::1 - - [08/May/2022:18:13:30 +0000] "GET /api/v1/menu/count HTTP/1.1" 304 - "http://localhost:3000/" "Mozilla/5.0 (Windows NT 10.0; Win64; x64) AppleWebKit/537.36 (KHTML, like Gecko) Chrome/101.0.4951.54 Safari/537.36"
::1 - - [08/May/2022:18:13:30 +0000] "GET /uploads/null HTTP/1.1" 404 151 "http://localhost:3000/" "Mozilla/5.0 (Windows NT 10.0; Win64; x64) AppleWebKit/537.36 (KHTML, like Gecko) Chrome/101.0.4951.54 Safari/537.36"
::1 - - [08/May/2022:18:13:51 +0000] "GET /api/v1/news/count HTTP/1.1" 304 - "http://localhost:3000/" "Mozilla/5.0 (Windows NT 10.0; Win64; x64) AppleWebKit/537.36 (KHTML, like Gecko) Chrome/101.0.4951.54 Safari/537.36"
::1 - - [08/May/2022:18:13:51 +0000] "GET /api/v1/webinfo HTTP/1.1" 400 105 "http://localhost:3000/" "Mozilla/5.0 (Windows NT 10.0; Win64; x64) AppleWebKit/537.36 (KHTML, like Gecko) Chrome/101.0.4951.54 Safari/537.36"
::1 - - [08/May/2022:18:13:51 +0000] "GET /api/v1/users/count HTTP/1.1" 304 - "http://localhost:3000/" "Mozilla/5.0 (Windows NT 10.0; Win64; x64) AppleWebKit/537.36 (KHTML, like Gecko) Chrome/101.0.4951.54 Safari/537.36"
::1 - - [08/May/2022:18:13:51 +0000] "GET /api/v1/pages/count HTTP/1.1" 304 - "http://localhost:3000/" "Mozilla/5.0 (Windows NT 10.0; Win64; x64) AppleWebKit/537.36 (KHTML, like Gecko) Chrome/101.0.4951.54 Safari/537.36"
::1 - - [08/May/2022:18:13:51 +0000] "GET /api/v1/menu/count HTTP/1.1" 304 - "http://localhost:3000/" "Mozilla/5.0 (Windows NT 10.0; Win64; x64) AppleWebKit/537.36 (KHTML, like Gecko) Chrome/101.0.4951.54 Safari/537.36"
::1 - - [08/May/2022:18:13:51 +0000] "GET /uploads/null HTTP/1.1" 404 151 "http://localhost:3000/" "Mozilla/5.0 (Windows NT 10.0; Win64; x64) AppleWebKit/537.36 (KHTML, like Gecko) Chrome/101.0.4951.54 Safari/537.36"
::1 - - [08/May/2022:18:13:51 +0000] "GET /api/v1/news/count HTTP/1.1" 304 - "http://localhost:3000/" "Mozilla/5.0 (Windows NT 10.0; Win64; x64) AppleWebKit/537.36 (KHTML, like Gecko) Chrome/101.0.4951.54 Safari/537.36"
::1 - - [08/May/2022:18:13:51 +0000] "GET /api/v1/users/count HTTP/1.1" 304 - "http://localhost:3000/" "Mozilla/5.0 (Windows NT 10.0; Win64; x64) AppleWebKit/537.36 (KHTML, like Gecko) Chrome/101.0.4951.54 Safari/537.36"
::1 - - [08/May/2022:18:13:51 +0000] "GET /api/v1/webinfo HTTP/1.1" 400 105 "http://localhost:3000/" "Mozilla/5.0 (Windows NT 10.0; Win64; x64) AppleWebKit/537.36 (KHTML, like Gecko) Chrome/101.0.4951.54 Safari/537.36"
::1 - - [08/May/2022:18:13:51 +0000] "GET /api/v1/pages/count HTTP/1.1" 304 - "http://localhost:3000/" "Mozilla/5.0 (Windows NT 10.0; Win64; x64) AppleWebKit/537.36 (KHTML, like Gecko) Chrome/101.0.4951.54 Safari/537.36"
::1 - - [08/May/2022:18:13:51 +0000] "GET /api/v1/menu/count HTTP/1.1" 304 - "http://localhost:3000/" "Mozilla/5.0 (Windows NT 10.0; Win64; x64) AppleWebKit/537.36 (KHTML, like Gecko) Chrome/101.0.4951.54 Safari/537.36"
::1 - - [08/May/2022:18:13:51 +0000] "GET /uploads/null HTTP/1.1" 404 151 "http://localhost:3000/" "Mozilla/5.0 (Windows NT 10.0; Win64; x64) AppleWebKit/537.36 (KHTML, like Gecko) Chrome/101.0.4951.54 Safari/537.36"
::1 - - [08/May/2022:18:13:52 +0000] "GET /api/v1/news/count HTTP/1.1" 304 - "http://localhost:3000/" "Mozilla/5.0 (Windows NT 10.0; Win64; x64) AppleWebKit/537.36 (KHTML, like Gecko) Chrome/101.0.4951.54 Safari/537.36"
::1 - - [08/May/2022:18:13:52 +0000] "GET /api/v1/webinfo HTTP/1.1" 400 105 "http://localhost:3000/" "Mozilla/5.0 (Windows NT 10.0; Win64; x64) AppleWebKit/537.36 (KHTML, like Gecko) Chrome/101.0.4951.54 Safari/537.36"
::1 - - [08/May/2022:18:13:52 +0000] "GET /uploads/null HTTP/1.1" 404 151 "http://localhost:3000/" "Mozilla/5.0 (Windows NT 10.0; Win64; x64) AppleWebKit/537.36 (KHTML, like Gecko) Chrome/101.0.4951.54 Safari/537.36"
::1 - - [08/May/2022:18:13:52 +0000] "GET /api/v1/users/count HTTP/1.1" 304 - "http://localhost:3000/" "Mozilla/5.0 (Windows NT 10.0; Win64; x64) AppleWebKit/537.36 (KHTML, like Gecko) Chrome/101.0.4951.54 Safari/537.36"
::1 - - [08/May/2022:18:13:52 +0000] "GET /api/v1/pages/count HTTP/1.1" 304 - "http://localhost:3000/" "Mozilla/5.0 (Windows NT 10.0; Win64; x64) AppleWebKit/537.36 (KHTML, like Gecko) Chrome/101.0.4951.54 Safari/537.36"
::1 - - [08/May/2022:18:13:52 +0000] "GET /api/v1/menu/count HTTP/1.1" 304 - "http://localhost:3000/" "Mozilla/5.0 (Windows NT 10.0; Win64; x64) AppleWebKit/537.36 (KHTML, like Gecko) Chrome/101.0.4951.54 Safari/537.36"
::1 - - [08/May/2022:18:46:48 +0000] "GET /uploads/null HTTP/1.1" 404 151 "http://localhost:3000/" "Mozilla/5.0 (Windows NT 10.0; Win64; x64) AppleWebKit/537.36 (KHTML, like Gecko) Chrome/101.0.4951.54 Safari/537.36"
::1 - - [08/May/2022:18:46:48 +0000] "GET /uploads/null HTTP/1.1" 404 151 "http://localhost:3000/" "Mozilla/5.0 (Windows NT 10.0; Win64; x64) AppleWebKit/537.36 (KHTML, like Gecko) Chrome/101.0.4951.54 Safari/537.36"
::1 - - [08/May/2022:18:46:48 +0000] "GET /uploads/null HTTP/1.1" 404 151 "http://localhost:3000/" "Mozilla/5.0 (Windows NT 10.0; Win64; x64) AppleWebKit/537.36 (KHTML, like Gecko) Chrome/101.0.4951.54 Safari/537.36"
::1 - - [08/May/2022:18:46:51 +0000] "GET /api/v1/news/count HTTP/1.1" 200 25 "http://localhost:3000/" "Mozilla/5.0 (Windows NT 10.0; Win64; x64) AppleWebKit/537.36 (KHTML, like Gecko) Chrome/101.0.4951.54 Safari/537.36"
::1 - - [08/May/2022:18:46:51 +0000] "GET /api/v1/webinfo HTTP/1.1" 400 105 "http://localhost:3000/" "Mozilla/5.0 (Windows NT 10.0; Win64; x64) AppleWebKit/537.36 (KHTML, like Gecko) Chrome/101.0.4951.54 Safari/537.36"
::1 - - [08/May/2022:18:46:51 +0000] "GET /api/v1/users/count HTTP/1.1" 200 28 "http://localhost:3000/" "Mozilla/5.0 (Windows NT 10.0; Win64; x64) AppleWebKit/537.36 (KHTML, like Gecko) Chrome/101.0.4951.54 Safari/537.36"
::1 - - [08/May/2022:18:46:51 +0000] "GET /api/v1/pages/count HTTP/1.1" 200 25 "http://localhost:3000/" "Mozilla/5.0 (Windows NT 10.0; Win64; x64) AppleWebKit/537.36 (KHTML, like Gecko) Chrome/101.0.4951.54 Safari/537.36"
::1 - - [08/May/2022:18:46:51 +0000] "GET /api/v1/menu/count HTTP/1.1" 200 25 "http://localhost:3000/" "Mozilla/5.0 (Windows NT 10.0; Win64; x64) AppleWebKit/537.36 (KHTML, like Gecko) Chrome/101.0.4951.54 Safari/537.36"
::1 - - [08/May/2022:18:46:51 +0000] "GET /uploads/null HTTP/1.1" 404 151 "http://localhost:3000/" "Mozilla/5.0 (Windows NT 10.0; Win64; x64) AppleWebKit/537.36 (KHTML, like Gecko) Chrome/101.0.4951.54 Safari/537.36"
::1 - - [08/May/2022:18:46:51 +0000] "GET /api/v1/pages/count HTTP/1.1" 200 25 "http://localhost:3000/" "Mozilla/5.0 (Windows NT 10.0; Win64; x64) AppleWebKit/537.36 (KHTML, like Gecko) Chrome/101.0.4951.54 Safari/537.36"
::1 - - [08/May/2022:18:46:51 +0000] "GET /api/v1/menu/count HTTP/1.1" 200 25 "http://localhost:3000/" "Mozilla/5.0 (Windows NT 10.0; Win64; x64) AppleWebKit/537.36 (KHTML, like Gecko) Chrome/101.0.4951.54 Safari/537.36"
::1 - - [08/May/2022:18:46:51 +0000] "GET /api/v1/news/count HTTP/1.1" 304 - "http://localhost:3000/" "Mozilla/5.0 (Windows NT 10.0; Win64; x64) AppleWebKit/537.36 (KHTML, like Gecko) Chrome/101.0.4951.54 Safari/537.36"
::1 - - [08/May/2022:18:46:51 +0000] "GET /api/v1/users/count HTTP/1.1" 304 - "http://localhost:3000/" "Mozilla/5.0 (Windows NT 10.0; Win64; x64) AppleWebKit/537.36 (KHTML, like Gecko) Chrome/101.0.4951.54 Safari/537.36"
::1 - - [08/May/2022:18:46:51 +0000] "GET /api/v1/webinfo HTTP/1.1" 400 105 "http://localhost:3000/" "Mozilla/5.0 (Windows NT 10.0; Win64; x64) AppleWebKit/537.36 (KHTML, like Gecko) Chrome/101.0.4951.54 Safari/537.36"
::1 - - [08/May/2022:18:46:51 +0000] "GET /uploads/null HTTP/1.1" 404 151 "http://localhost:3000/" "Mozilla/5.0 (Windows NT 10.0; Win64; x64) AppleWebKit/537.36 (KHTML, like Gecko) Chrome/101.0.4951.54 Safari/537.36"
::1 - - [08/May/2022:18:46:52 +0000] "GET /api/v1/news/count HTTP/1.1" 304 - "http://localhost:3000/" "Mozilla/5.0 (Windows NT 10.0; Win64; x64) AppleWebKit/537.36 (KHTML, like Gecko) Chrome/101.0.4951.54 Safari/537.36"
::1 - - [08/May/2022:18:46:52 +0000] "GET /api/v1/users/count HTTP/1.1" 304 - "http://localhost:3000/" "Mozilla/5.0 (Windows NT 10.0; Win64; x64) AppleWebKit/537.36 (KHTML, like Gecko) Chrome/101.0.4951.54 Safari/537.36"
::1 - - [08/May/2022:18:46:52 +0000] "GET /api/v1/pages/count HTTP/1.1" 304 - "http://localhost:3000/" "Mozilla/5.0 (Windows NT 10.0; Win64; x64) AppleWebKit/537.36 (KHTML, like Gecko) Chrome/101.0.4951.54 Safari/537.36"
::1 - - [08/May/2022:18:46:52 +0000] "GET /api/v1/webinfo HTTP/1.1" 400 105 "http://localhost:3000/" "Mozilla/5.0 (Windows NT 10.0; Win64; x64) AppleWebKit/537.36 (KHTML, like Gecko) Chrome/101.0.4951.54 Safari/537.36"
::1 - - [08/May/2022:18:46:52 +0000] "GET /api/v1/menu/count HTTP/1.1" 304 - "http://localhost:3000/" "Mozilla/5.0 (Windows NT 10.0; Win64; x64) AppleWebKit/537.36 (KHTML, like Gecko) Chrome/101.0.4951.54 Safari/537.36"
::1 - - [08/May/2022:18:46:52 +0000] "GET /uploads/null HTTP/1.1" 404 151 "http://localhost:3000/" "Mozilla/5.0 (Windows NT 10.0; Win64; x64) AppleWebKit/537.36 (KHTML, like Gecko) Chrome/101.0.4951.54 Safari/537.36"
::1 - - [09/May/2022:04:02:54 +0000] "GET /api/v1/products/ HTTP/1.1" 200 113 "-" "Mozilla/5.0 (Windows NT 10.0; Win64; x64) AppleWebKit/537.36 (KHTML, like Gecko) Chrome/101.0.4951.54 Safari/537.36"
::1 - - [09/May/2022:04:02:55 +0000] "GET /favicon.ico HTTP/1.1" 404 150 "-" "Mozilla/5.0 (Windows NT 10.0; Win64; x64) AppleWebKit/537.36 (KHTML, like Gecko) Chrome/101.0.4951.54 Safari/537.36"
::1 - - [09/May/2022:04:03:11 +0000] "GET /api/v1/products/ HTTP/1.1" 304 - "-" "Mozilla/5.0 (Windows NT 10.0; Win64; x64) AppleWebKit/537.36 (KHTML, like Gecko) Chrome/101.0.4951.54 Safari/537.36"
::1 - - [09/May/2022:04:03:16 +0000] "GET /api/v1/products/ HTTP/1.1" 304 - "-" "Mozilla/5.0 (Windows NT 10.0; Win64; x64) AppleWebKit/537.36 (KHTML, like Gecko) Chrome/101.0.4951.54 Safari/537.36"
::1 - - [09/May/2022:04:03:21 +0000] "GET /api/v1/products/ HTTP/1.1" 304 - "-" "Mozilla/5.0 (Windows NT 10.0; Win64; x64) AppleWebKit/537.36 (KHTML, like Gecko) Chrome/101.0.4951.54 Safari/537.36"
::1 - - [09/May/2022:04:03:26 +0000] "GET /api/v1/products/ HTTP/1.1" 304 - "-" "Mozilla/5.0 (Windows NT 10.0; Win64; x64) AppleWebKit/537.36 (KHTML, like Gecko) Chrome/101.0.4951.54 Safari/537.36"
::1 - - [09/May/2022:04:03:27 +0000] "GET /api/v1/products/ HTTP/1.1" 304 - "-" "Mozilla/5.0 (Windows NT 10.0; Win64; x64) AppleWebKit/537.36 (KHTML, like Gecko) Chrome/101.0.4951.54 Safari/537.36"
::ffff:127.0.0.1 - - [09/May/2022:04:03:33 +0000] "GET /api/v1/products/ HTTP/1.1" 500 65 "-" "Mozilla/5.0 (Windows NT 10.0; Win64; x64) AppleWebKit/537.36 (KHTML, like Gecko) Chrome/101.0.4951.54 Safari/537.36"
::1 - - [09/May/2022:04:03:41 +0000] "GET /api/v1/products/ HTTP/1.1" 200 107 "-" "Mozilla/5.0 (Windows NT 10.0; Win64; x64) AppleWebKit/537.36 (KHTML, like Gecko) Chrome/101.0.4951.54 Safari/537.36"
::1 - - [09/May/2022:04:03:56 +0000] "GET /api/v1/products/ HTTP/1.1" 200 113 "-" "Mozilla/5.0 (Windows NT 10.0; Win64; x64) AppleWebKit/537.36 (KHTML, like Gecko) Chrome/101.0.4951.54 Safari/537.36"
::1 - - [09/May/2022:04:04:12 +0000] "GET /api/v1/products/ HTTP/1.1" 500 61 "-" "Mozilla/5.0 (Windows NT 10.0; Win64; x64) AppleWebKit/537.36 (KHTML, like Gecko) Chrome/101.0.4951.54 Safari/537.36"
::1 - - [09/May/2022:04:04:17 +0000] "GET /api/v1/products/ HTTP/1.1" 500 59 "-" "Mozilla/5.0 (Windows NT 10.0; Win64; x64) AppleWebKit/537.36 (KHTML, like Gecko) Chrome/101.0.4951.54 Safari/537.36"
::1 - - [09/May/2022:04:04:39 +0000] "GET /api/v1/products/ HTTP/1.1" 200 113 "-" "Mozilla/5.0 (Windows NT 10.0; Win64; x64) AppleWebKit/537.36 (KHTML, like Gecko) Chrome/101.0.4951.54 Safari/537.36"
::1 - - [09/May/2022:04:07:02 +0000] "GET /api/v1/products/ HTTP/1.1" 304 - "-" "Mozilla/5.0 (Windows NT 10.0; Win64; x64) AppleWebKit/537.36 (KHTML, like Gecko) Chrome/101.0.4951.54 Safari/537.36"
::1 - - [09/May/2022:04:07:13 +0000] "GET /api/v1/products/ HTTP/1.1" 200 114 "-" "Mozilla/5.0 (Windows NT 10.0; Win64; x64) AppleWebKit/537.36 (KHTML, like Gecko) Chrome/101.0.4951.54 Safari/537.36"
::1 - - [09/May/2022:04:07:22 +0000] "GET /api/v1/products/ HTTP/1.1" 200 113 "-" "Mozilla/5.0 (Windows NT 10.0; Win64; x64) AppleWebKit/537.36 (KHTML, like Gecko) Chrome/101.0.4951.54 Safari/537.36"
::1 - - [09/May/2022:04:07:42 +0000] "GET /api/v1/products/ HTTP/1.1" 500 67 "-" "Mozilla/5.0 (Windows NT 10.0; Win64; x64) AppleWebKit/537.36 (KHTML, like Gecko) Chrome/101.0.4951.54 Safari/537.36"
::1 - - [09/May/2022:04:08:04 +0000] "GET /api/v1/products/ HTTP/1.1" 200 113 "-" "Mozilla/5.0 (Windows NT 10.0; Win64; x64) AppleWebKit/537.36 (KHTML, like Gecko) Chrome/101.0.4951.54 Safari/537.36"
::1 - - [09/May/2022:04:09:25 +0000] "GET /api/v1/products/ HTTP/1.1" 304 - "-" "Mozilla/5.0 (Windows NT 10.0; Win64; x64) AppleWebKit/537.36 (KHTML, like Gecko) Chrome/101.0.4951.54 Safari/537.36"
::1 - - [09/May/2022:04:31:24 +0000] "GET /api/v1/cartypes HTTP/1.1" 200 107 "-" "Mozilla/5.0 (Windows NT 10.0; Win64; x64) AppleWebKit/537.36 (KHTML, like Gecko) Chrome/101.0.4951.54 Safari/537.36"
::1 - - [09/May/2022:04:32:27 +0000] "GET /api/v1/cartypes HTTP/1.1" 304 - "-" "Mozilla/5.0 (Windows NT 10.0; Win64; x64) AppleWebKit/537.36 (KHTML, like Gecko) Chrome/101.0.4951.54 Safari/537.36"
::1 - - [09/May/2022:04:32:28 +0000] "GET /api/v1/cartypes HTTP/1.1" 304 - "-" "Mozilla/5.0 (Windows NT 10.0; Win64; x64) AppleWebKit/537.36 (KHTML, like Gecko) Chrome/101.0.4951.54 Safari/537.36"
::1 - - [09/May/2022:04:32:31 +0000] "GET /api/v1/cartypes HTTP/1.1" 304 - "-" "Mozilla/5.0 (Windows NT 10.0; Win64; x64) AppleWebKit/537.36 (KHTML, like Gecko) Chrome/101.0.4951.54 Safari/537.36"
::1 - - [09/May/2022:04:32:36 +0000] "GET /api/v1/cartypes HTTP/1.1" 304 - "-" "Mozilla/5.0 (Windows NT 10.0; Win64; x64) AppleWebKit/537.36 (KHTML, like Gecko) Chrome/101.0.4951.54 Safari/537.36"
::1 - - [09/May/2022:04:32:37 +0000] "GET /api/v1/cartypes HTTP/1.1" 304 - "-" "Mozilla/5.0 (Windows NT 10.0; Win64; x64) AppleWebKit/537.36 (KHTML, like Gecko) Chrome/101.0.4951.54 Safari/537.36"
::1 - - [09/May/2022:04:32:38 +0000] "GET /api/v1/cartypes HTTP/1.1" 304 - "-" "Mozilla/5.0 (Windows NT 10.0; Win64; x64) AppleWebKit/537.36 (KHTML, like Gecko) Chrome/101.0.4951.54 Safari/537.36"
::1 - - [09/May/2022:04:34:08 +0000] "GET /api/v1/cartypes HTTP/1.1" 304 - "-" "Mozilla/5.0 (Windows NT 10.0; Win64; x64) AppleWebKit/537.36 (KHTML, like Gecko) Chrome/101.0.4951.54 Safari/537.36"
::1 - - [09/May/2022:04:34:09 +0000] "GET /api/v1/cartypes HTTP/1.1" 304 - "-" "Mozilla/5.0 (Windows NT 10.0; Win64; x64) AppleWebKit/537.36 (KHTML, like Gecko) Chrome/101.0.4951.54 Safari/537.36"
::1 - - [09/May/2022:04:34:23 +0000] "GET /api/v1/cartypes HTTP/1.1" 304 - "-" "Mozilla/5.0 (Windows NT 10.0; Win64; x64) AppleWebKit/537.36 (KHTML, like Gecko) Chrome/101.0.4951.54 Safari/537.36"
::1 - - [09/May/2022:04:34:24 +0000] "GET /api/v1/cartypes HTTP/1.1" 304 - "-" "Mozilla/5.0 (Windows NT 10.0; Win64; x64) AppleWebKit/537.36 (KHTML, like Gecko) Chrome/101.0.4951.54 Safari/537.36"
::1 - - [09/May/2022:04:35:37 +0000] "GET /api/v1/cartypes HTTP/1.1" 304 - "-" "Mozilla/5.0 (Windows NT 10.0; Win64; x64) AppleWebKit/537.36 (KHTML, like Gecko) Chrome/101.0.4951.54 Safari/537.36"
::1 - - [09/May/2022:04:39:14 +0000] "GET /api/v1/cartypes HTTP/1.1" 304 - "-" "Mozilla/5.0 (Windows NT 10.0; Win64; x64) AppleWebKit/537.36 (KHTML, like Gecko) Chrome/101.0.4951.54 Safari/537.36"
::1 - - [09/May/2022:05:33:08 +0000] "GET /api/v1/cartypes HTTP/1.1" 304 - "-" "Mozilla/5.0 (Windows NT 10.0; Win64; x64) AppleWebKit/537.36 (KHTML, like Gecko) Chrome/101.0.4951.54 Safari/537.36"
